{"name": "test_vwo_login", "status": "broken", "statusDetails": {"message": "selenium.common.exceptions.TimeoutException: Message: \nStacktrace:\n\tGetHandleVerifier [0x00007FF729FBB632+29090]\n\t(No symbol) [0x00007FF729F2E6E9]\n\t(No symbol) [0x00007FF729DEB1CA]\n\t(No symbol) [0x00007FF729E3EFD7]\n\t(No symbol) [0x00007FF729E3F22C]\n\t(No symbol) [0x00007FF729E897F7]\n\t(No symbol) [0x00007FF729E6672F]\n\t(No symbol) [0x00007FF729E865D9]\n\t(No symbol) [0x00007FF729E66493]\n\t(No symbol) [0x00007FF729E309B1]\n\t(No symbol) [0x00007FF729E31B11]\n\tGetHandleVerifier [0x00007FF72A2D881D+3294093]\n\tGetHandleVerifier [0x00007FF72A324403+3604339]\n\tGetHandleVerifier [0x00007FF72A31A2C7+3563063]\n\tGetHandleVerifier [0x00007FF72A076F16+797318]\n\t(No symbol) [0x00007FF729F3986F]\n\t(No symbol) [0x00007FF729F35454]\n\t(No symbol) [0x00007FF729F355E0]\n\t(No symbol) [0x00007FF729F24A7F]\n\tBaseThreadInitThunk [0x00007FFFD65B257D+29]\n\tRtlUserThreadStart [0x00007FFFD7FCAF28+40]", "trace": "username1 = 'gvk9786@gmail.com', password1 = 'Samarth@235'\n\n    def test_vwo_login(username1=username, password1=password):\n        options = Options()\n        # # Add arguments to disable notifications and run in headless mode\n        # options.add_argument(\"--disable-notifications\")\n        # options.add_argument(\"--headless\")\n        # options.add_argument(\"--incognito\")\n    \n        # Initialize the Chrome driver with the options\n        driver = webdriver.Chrome(options)\n        driver.get(vwo_login_url)\n    \n>       Wait(driver=driver, timeout=5).until(EC.visibility_of_element_located((By.XPATH, login_button_locator)))\n\n16-Aug-2024-Part_4\\test_data_driven_Practice.py:42: \n_ _ _ _ _ _ _ _ _ _ _ _ _ _ _ _ _ _ _ _ _ _ _ _ _ _ _ _ _ _ _ _ _ _ _ _ _ _ _ _ _ _ _ _ _ _ _ _ _ _ _ _ _ _ _ _ _ _ _ _ _ _ _ _ _ _ _ _ _ _ _\n\nself = <selenium.webdriver.support.wait.WebDriverWait (session=\"3343dfd424c3953487ad80b4ac900f16\")>\nmethod = <function visibility_of_element_located.<locals>._predicate at 0x000001BFB4966020>, message = ''\n\n    def until(self, method: Callable[[D], Union[Literal[False], T]], message: str = \"\") -> T:\n        \"\"\"Calls the method provided with the driver as an argument until the \\\n        return value does not evaluate to ``False``.\n    \n        :param method: callable(WebDriver)\n        :param message: optional message for :exc:`TimeoutException`\n        :returns: the result of the last call to `method`\n        :raises: :exc:`selenium.common.exceptions.TimeoutException` if timeout occurs\n        \"\"\"\n        screen = None\n        stacktrace = None\n    \n        end_time = time.monotonic() + self._timeout\n        while True:\n            try:\n                value = method(self._driver)\n                if value:\n                    return value\n            except self._ignored_exceptions as exc:\n                screen = getattr(exc, \"screen\", None)\n                stacktrace = getattr(exc, \"stacktrace\", None)\n            time.sleep(self._poll)\n            if time.monotonic() > end_time:\n                break\n>       raise TimeoutException(message, screen, stacktrace)\nE       selenium.common.exceptions.TimeoutException: Message: \nE       Stacktrace:\nE       \tGetHandleVerifier [0x00007FF729FBB632+29090]\nE       \t(No symbol) [0x00007FF729F2E6E9]\nE       \t(No symbol) [0x00007FF729DEB1CA]\nE       \t(No symbol) [0x00007FF729E3EFD7]\nE       \t(No symbol) [0x00007FF729E3F22C]\nE       \t(No symbol) [0x00007FF729E897F7]\nE       \t(No symbol) [0x00007FF729E6672F]\nE       \t(No symbol) [0x00007FF729E865D9]\nE       \t(No symbol) [0x00007FF729E66493]\nE       \t(No symbol) [0x00007FF729E309B1]\nE       \t(No symbol) [0x00007FF729E31B11]\nE       \tGetHandleVerifier [0x00007FF72A2D881D+3294093]\nE       \tGetHandleVerifier [0x00007FF72A324403+3604339]\nE       \tGetHandleVerifier [0x00007FF72A31A2C7+3563063]\nE       \tGetHandleVerifier [0x00007FF72A076F16+797318]\nE       \t(No symbol) [0x00007FF729F3986F]\nE       \t(No symbol) [0x00007FF729F35454]\nE       \t(No symbol) [0x00007FF729F355E0]\nE       \t(No symbol) [0x00007FF729F24A7F]\nE       \tBaseThreadInitThunk [0x00007FFFD65B257D+29]\nE       \tRtlUserThreadStart [0x00007FFFD7FCAF28+40]\n\n.venv\\Lib\\site-packages\\selenium\\webdriver\\support\\wait.py:105: TimeoutException"}, "start": 1724616048739, "stop": 1724616057128, "uuid": "b0683ec8-0948-4d3d-8fb4-665e8c734630", "historyId": "fcb8dd318c4bcd8b99a4662c84c4693d", "testCaseId": "fcb8dd318c4bcd8b99a4662c84c4693d", "fullName": "16-Aug-2024-Part_4.test_data_driven_Practice#test_vwo_login", "labels": [{"name": "parentSuite", "value": "16-Aug-2024-Part_4"}, {"name": "suite", "value": "test_data_driven_Practice"}, {"name": "host", "value": "B1-L0W115181"}, {"name": "thread", "value": "27032-MainThread"}, {"name": "framework", "value": "pytest"}, {"name": "language", "value": "cpython3"}, {"name": "package", "value": "16-Aug-2024-Part_4.test_data_driven_Practice"}]}