{"name": "test_qa_tc3", "status": "failed", "statusDetails": {"message": "AssertionError: assert <selenium.webdriver.remote.webelement.WebElement (session=\"95fa5b0b45236570333d494b73f95b74\", element=\"f.2A56798BC7A9DE1E2C08C1BE69082A5D.d.40002E739117C396D7928E2E16282142.e.8\")> == ('You entered: ' + 'Vijay')", "trace": "self = <test_lab020_alerts.TestAlerts object at 0x00000199E4C34920>\n\n    @allure.description(\"TC#3 - Js Prompt\")\n    @allure.description(\"Test case for Js Prompt testing\")\n    def test_qa_tc3(self):\n        options = Options()\n        options.page_load_strategy = \"normal\"\n        self.driver = webdriver.Chrome(options)\n        self.driver.get(alerts_url)\n    \n        js_alerts = self.driver.find_element(By.XPATH, js_prompt_locator)\n        js_alerts.click()\n        Wait(driver=self.driver, timeout=5).until(\n            EC.alert_is_present())\n    \n        alert = Alert(self.driver)\n        print(alert.text)\n        alert.send_keys(alert_text)\n        alert.accept()\n    \n        result = self.driver.find_element(By.ID, result_locator)\n>       assert result == \"You entered: \" + alert_text\nE       assert <selenium.webdriver.remote.webelement.WebElement (session=\"95fa5b0b45236570333d494b73f95b74\", element=\"f.2A56798BC7A9DE1E2C08C1BE69082A5D.d.40002E739117C396D7928E2E16282142.e.8\")> == ('You entered: ' + 'Vijay')\n\n19_Aug-2024-SEL-EXCEP\\test_lab020_alerts.py:95: AssertionError"}, "description": "Test case for Js Prompt testing", "attachments": [{"name": "stdout", "source": "c57963b8-9912-48b8-8154-7db17381ec5c-attachment.txt", "type": "text/plain"}], "start": 1724695771739, "stop": 1724695791243, "uuid": "4f817e03-bdb1-46f4-8029-0a7855850dee", "historyId": "8193eee5d63611c47949e129a52dcfef", "testCaseId": "8193eee5d63611c47949e129a52dcfef", "fullName": "19_Aug-2024-SEL-EXCEP.test_lab020_alerts.TestAlerts#test_qa_tc3", "labels": [{"name": "parentSuite", "value": "19_Aug-2024-SEL-EXCEP"}, {"name": "suite", "value": "test_lab020_alerts"}, {"name": "subSuite", "value": "TestAlerts"}, {"name": "host", "value": "B1-L0W115181"}, {"name": "thread", "value": "22236-MainThread"}, {"name": "framework", "value": "pytest"}, {"name": "language", "value": "cpython3"}, {"name": "package", "value": "19_Aug-2024-SEL-EXCEP.test_lab020_alerts"}]}