{"name": "test_qa_tc2", "status": "failed", "statusDetails": {"message": "AssertionError: assert <selenium.webdriver.remote.webelement.WebElement (session=\"907d7cdab4c894092655e00811028fba\", element=\"f.6CE37802B03517DCF32EA2C1ADA8AFAE.d.8ABE86817A7F46AA8656D086D0A3485D.e.8\")> == 'You clicked: Ok'", "trace": "self = <test_lab020_alerts.TestAlerts object at 0x000001C97B50EC00>\n\n    @allure.description(\"TC#2 - Js Confirm\")\n    @allure.description(\"Test case for Js Confirm testing\")\n    def test_qa_tc2(self):\n        options = Options()\n        options.page_load_strategy = \"normal\"\n        self.driver = webdriver.Chrome(options)\n        self.driver.get(alerts_url)\n        js_alerts = self.driver.find_element(By.XPATH, js_confirm_locator)\n        js_alerts.click()\n        Wait(driver=self.driver, timeout=5).until(\n            EC.alert_is_present())\n    \n        alert = Alert(self.driver)\n        print(alert.text)\n        alert.accept()\n    \n        result = self.driver.find_element(By.ID, result_locator)\n>       assert result == \"You clicked: Ok\"\nE       assert <selenium.webdriver.remote.webelement.WebElement (session=\"907d7cdab4c894092655e00811028fba\", element=\"f.6CE37802B03517DCF32EA2C1ADA8AFAE.d.8ABE86817A7F46AA8656D086D0A3485D.e.8\")> == 'You clicked: Ok'\n\n19_Aug-2024-SEL-EXCEP\\test_lab020_alerts.py:73: AssertionError"}, "description": "Test case for Js Confirm testing", "attachments": [{"name": "stdout", "source": "6b0f6416-281c-489e-8663-ca2fbc3c2687-attachment.txt", "type": "text/plain"}], "start": 1724695771739, "stop": 1724695791041, "uuid": "ea62356a-c1d7-4d84-b70e-3c079e18a577", "historyId": "38cbef447f20839a5a10c3c060bff618", "testCaseId": "38cbef447f20839a5a10c3c060bff618", "fullName": "19_Aug-2024-SEL-EXCEP.test_lab020_alerts.TestAlerts#test_qa_tc2", "labels": [{"name": "parentSuite", "value": "19_Aug-2024-SEL-EXCEP"}, {"name": "suite", "value": "test_lab020_alerts"}, {"name": "subSuite", "value": "TestAlerts"}, {"name": "host", "value": "B1-L0W115181"}, {"name": "thread", "value": "19756-MainThread"}, {"name": "framework", "value": "pytest"}, {"name": "language", "value": "cpython3"}, {"name": "package", "value": "19_Aug-2024-SEL-EXCEP.test_lab020_alerts"}]}